2026-01-01 16:56:56,328 [INFO] 正在探测预设：Doubao
2026-01-01 16:57:01,825 [INFO] HTTP Request: POST https://ark.cn-beijing.volces.com/api/v3/chat/completions "HTTP/1.1 200 OK"
2026-01-01 16:57:01,827 [INFO] 已选择预设：Doubao
2026-01-01 16:57:01,827 [INFO] 当前预设为Doubao，模型 doubao-seed-1-6-251015，别名 小豆。
2026-01-01 16:57:01,827 [INFO] 启动配置如下...
2026-01-01 16:57:01,828 [INFO] 白名单启用：True
2026-01-01 16:57:01,828 [INFO] 群聊仅在被 @ 时回复：False
2026-01-01 16:57:01,828 [INFO] 群聊回复包含发送者：True
2026-01-01 16:57:01,828 [WARNING] 准备重连微信：初始化
2026-01-01 16:57:02,046 [INFO] 微信重连成功。
2026-01-01 16:57:52,326 [INFO] HTTP Request: POST https://ark.cn-beijing.volces.com/api/v3/chat/completions "HTTP/1.1 200 OK"
2026-01-01 16:57:56,867 [INFO] 回复完成 | 时间=2026-01-01 16:57:56 | 发送者=阿惠 | 消息=1 | 会话=阿惠 | 回复=咋啦？发个1是想召唤我这个AI小助手吗[笑哭]
2026-01-01 17:19:54,024 [INFO] 正在探测预设：Doubao
2026-01-01 17:19:59,684 [INFO] HTTP Request: POST https://ark.cn-beijing.volces.com/api/v3/chat/completions "HTTP/1.1 200 OK"
2026-01-01 17:19:59,686 [INFO] 已选择预设：Doubao
2026-01-01 17:19:59,686 [INFO] 当前预设为Doubao，模型 doubao-seed-1-6-251015，别名 小豆。
2026-01-01 17:19:59,686 [INFO] 启动配置如下...
2026-01-01 17:19:59,687 [INFO] 白名单启用：True
2026-01-01 17:19:59,687 [INFO] 群聊仅在被 @ 时回复：False
2026-01-01 17:19:59,687 [INFO] 群聊回复包含发送者：True
2026-01-01 17:19:59,687 [WARNING] 准备重连微信：初始化
2026-01-01 17:19:59,877 [INFO] 微信重连成功。
2026-01-01 17:25:00,460 [INFO] 历史统计 | 会话=0 | 消息=0 | tokens=0
2026-01-01 17:30:01,377 [INFO] 历史统计 | 会话=0 | 消息=0 | tokens=0
2026-01-01 17:35:00,493 [INFO] 配置已更新
2026-01-01 17:36:14,403 [INFO] 正在探测预设：Doubao
2026-01-01 17:36:19,684 [INFO] HTTP Request: POST https://ark.cn-beijing.volces.com/api/v3/chat/completions "HTTP/1.1 200 OK"
2026-01-01 17:36:19,686 [INFO] 已选择预设：Doubao
2026-01-01 17:36:19,686 [INFO] 当前预设为Doubao，模型 doubao-seed-1-6-251015，别名 小豆。
2026-01-01 17:36:19,687 [INFO] 启动配置如下...
2026-01-01 17:36:19,687 [INFO] 白名单启用：True
2026-01-01 17:36:19,687 [INFO] 群聊仅在被 @ 时回复：False
2026-01-01 17:36:19,687 [INFO] 群聊回复包含发送者：True
2026-01-01 17:36:19,687 [WARNING] 准备重连微信：初始化
2026-01-01 17:36:19,830 [INFO] 微信重连成功。
2026-01-01 17:37:04,514 [INFO] 配置已更新
2026-01-01 17:37:49,426 [INFO] 配置已更新
2026-01-01 17:42:50,695 [INFO] 历史统计 | 会话=0 | 消息=0 | tokens=0
2026-01-01 17:46:43,335 [INFO] 正在探测预设：Doubao
2026-01-01 17:46:49,257 [INFO] HTTP Request: POST https://ark.cn-beijing.volces.com/api/v3/chat/completions "HTTP/1.1 200 OK"
2026-01-01 17:46:49,260 [INFO] 已选择预设：Doubao
2026-01-01 17:46:49,260 [INFO] 当前预设为Doubao，模型 doubao-seed-1-6-251015，别名 小豆。
2026-01-01 17:46:49,260 [INFO] 启动配置如下...
2026-01-01 17:46:49,261 [INFO] 白名单启用：True
2026-01-01 17:46:49,261 [INFO] 群聊仅在被 @ 时回复：False
2026-01-01 17:46:49,261 [INFO] 群聊回复包含发送者：True
2026-01-01 17:46:49,261 [WARNING] 准备重连微信：初始化
2026-01-01 17:46:49,404 [INFO] 微信重连成功。
2026-01-01 17:47:59,403 [INFO] HTTP Request: POST https://ark.cn-beijing.volces.com/api/v3/chat/completions "HTTP/1.1 200 OK"
2026-01-01 17:48:04,305 [INFO] 回复完成 | 时间=2026-01-01 17:48:04 | 发送者=米泽宇 | 消息=搞啥呢 | 会话=米泽宇 | 回复=他这会儿正忙着处理点事呢~我是他的AI小助手，你找他有啥事儿不？--doubao-seed-1-6-251015 | tokens=39(用户=7,回复=32) | 历史tokens=39
2026-01-01 17:48:16,463 [INFO] HTTP Request: POST https://ark.cn-beijing.volces.com/api/v3/chat/completions "HTTP/1.1 200 OK"
2026-01-01 17:48:19,856 [INFO] HTTP Request: POST https://ark.cn-beijing.volces.com/api/v3/chat/completions "HTTP/1.1 200 OK"
2026-01-01 17:48:22,698 [INFO] 回复完成 | 时间=2026-01-01 17:48:22 | 发送者=米泽宇 | 消息=token直接用冒烟了 | 会话=米泽宇 | 回复=哈哈，这token烧得够猛啊，看来最近没少跟AI唠嗑~你是在折腾啥模型呢？--doubao-seed-1-6-251015 | tokens=43(用户=11,回复=32) | 历史tokens=82
2026-01-01 17:48:24,259 [INFO] 回复完成 | 时间=2026-01-01 17:48:24 | 发送者=米泽宇 | 消息=牛逼 | 会话=米泽宇 | 回复=哈哈，过奖啦～你找他是有啥急事还是想闲聊会儿呀？--doubao-seed-1-6-251015 | tokens=32(用户=6,回复=26) | 历史tokens=114
2026-01-01 17:50:36,966 [INFO] HTTP Request: POST https://ark.cn-beijing.volces.com/api/v3/chat/completions "HTTP/1.1 200 OK"
2026-01-01 17:50:40,947 [INFO] 回复完成 | 时间=2026-01-01 17:50:40 | 发送者=米泽宇 | 消息=[动画表情] | 会话=米泽宇 | 回复=这个表情还挺生动的～你是想继续跟我唠会儿，还是等他忙完了再找他呀？--doubao-seed-1-6-251015 | tokens=44(用户=9,回复=35) | 历史tokens=158
2026-01-01 17:51:49,913 [INFO] 历史统计 | 会话=1 | 消息=8 | tokens=158
2026-01-01 17:56:50,229 [INFO] 历史统计 | 会话=1 | 消息=8 | tokens=158
2026-01-01 18:01:51,396 [INFO] 历史统计 | 会话=1 | 消息=8 | tokens=158
2026-01-01 18:06:51,902 [INFO] 历史统计 | 会话=1 | 消息=8 | tokens=158
2026-01-01 18:11:52,428 [INFO] 历史统计 | 会话=1 | 消息=8 | tokens=158
2026-01-01 18:16:52,811 [INFO] 历史统计 | 会话=1 | 消息=8 | tokens=158
2026-01-01 18:21:54,047 [INFO] 历史统计 | 会话=1 | 消息=8 | tokens=158
2026-01-01 18:23:06,119 [INFO] 配置已更新
2026-01-01 18:28:06,467 [INFO] 历史统计 | 会话=1 | 消息=8 | tokens=158
2026-01-01 18:33:06,473 [INFO] 历史统计 | 会话=1 | 消息=8 | tokens=158
2026-01-01 18:38:06,497 [INFO] 历史统计 | 会话=1 | 消息=8 | tokens=158
2026-01-01 18:43:07,411 [INFO] 历史统计 | 会话=1 | 消息=8 | tokens=158
2026-01-01 18:46:59,861 [INFO] 正在探测预设：Doubao
2026-01-01 18:47:06,110 [INFO] HTTP Request: POST https://ark.cn-beijing.volces.com/api/v3/chat/completions "HTTP/1.1 200 OK"
2026-01-01 18:47:06,112 [INFO] 已选择预设：Doubao
2026-01-01 18:47:06,112 [INFO] 当前预设为Doubao，模型 doubao-seed-1-6-251015，别名 小豆。
2026-01-01 18:47:06,113 [INFO] 启动配置如下...
2026-01-01 18:47:06,113 [INFO] 白名单启用：True
2026-01-01 18:47:06,113 [INFO] 群聊仅在被 @ 时回复：False
2026-01-01 18:47:06,113 [INFO] 群聊回复包含发送者：True
2026-01-01 18:47:06,113 [WARNING] 准备重连微信：初始化
2026-01-01 18:47:06,260 [INFO] 微信重连成功。
2026-01-01 18:48:38,571 [INFO] 配置已更新
2026-01-01 18:53:38,954 [INFO] 历史统计 | 会话=0 | 消息=0 | tokens=0
2026-01-01 18:55:20,441 [INFO] HTTP Request: POST https://ark.cn-beijing.volces.com/api/v3/chat/completions "HTTP/1.1 200 OK"
2026-01-01 18:55:24,836 [INFO] HTTP Request: POST https://ark.cn-beijing.volces.com/api/v3/chat/completions "HTTP/1.1 200 OK"
2026-01-01 18:55:26,333 [INFO] 回复完成 | 时间=2026-01-01 18:55:26 | 发送者=谢锦宇 | 消息=这皮肤说实话 | 会话=谢锦宇 | 回复=说实话咋样？是踩雷了还是意外惊喜呀？--doubao-seed-1-6-251015 | tokens=31(用户=10,回复=21) | 历史tokens=31
2026-01-01 18:55:28,996 [INFO] 回复完成 | 时间=2026-01-01 18:55:28 | 发送者=谢锦宇 | 消息=还不如伴生皮 | 会话=谢锦宇 | 回复=确实！有些皮肤花了大价钱结果还没免费伴生皮耐看，血亏感拉满～你说的是哪个英雄的皮肤呀？--doubao-seed-1-6-251015 | tokens=54(用户=10,回复=44) | 历史tokens=85
2026-01-01 18:55:50,037 [INFO] HTTP Request: POST https://ark.cn-beijing.volces.com/api/v3/chat/completions "HTTP/1.1 200 OK"
2026-01-01 18:55:55,438 [INFO] HTTP Request: POST https://ark.cn-beijing.volces.com/api/v3/chat/completions "HTTP/1.1 200 OK"
2026-01-02 17:52:34,677 [INFO] 正在探测预设：Doubao
2026-01-02 17:52:40,920 [INFO] HTTP Request: POST https://ark.cn-beijing.volces.com/api/v3/chat/completions "HTTP/1.1 200 OK"
2026-01-02 17:52:40,922 [INFO] 已选择预设：Doubao
2026-01-02 17:52:40,922 [INFO] 当前预设为Doubao，模型 doubao-seed-1-6-251015，别名 小豆。
2026-01-02 17:52:40,922 [INFO] 启动配置如下...
2026-01-02 17:52:40,923 [INFO] 白名单启用：True
2026-01-02 17:52:40,923 [INFO] 群聊仅在被 @ 时回复：False
2026-01-02 17:52:40,923 [INFO] 群聊回复包含发送者：True
2026-01-02 17:52:40,923 [WARNING] 准备重连微信：初始化
2026-01-02 17:52:41,170 [INFO] 微信重连成功。
2026-01-02 17:55:38,716 [INFO] HTTP Request: POST https://ark.cn-beijing.volces.com/api/v3/chat/completions "HTTP/1.1 200 OK"
2026-01-02 17:55:43,207 [INFO] 回复完成 | 时间=2026-01-02 17:55:43 | 发送者=吴希媛 | 消息=小花你在吗 | 会话=吴希媛 | 回复=哈哈，我不是小花哦～我是杜旭嘉的AI小助手，请问找他有什么事吗？  🤖💬 AI代言中～ | tokens=40(用户=9,回复=31) | 历史tokens=40
2026-01-02 17:57:41,458 [INFO] 历史统计 | 会话=1 | 消息=2 | tokens=40
2026-01-02 18:00:24,897 [INFO] 配置已更新
2026-01-02 18:03:27,312 [INFO] HTTP Request: POST https://ark.cn-beijing.volces.com/api/v3/chat/completions "HTTP/1.1 200 OK"
2026-01-02 18:03:31,736 [INFO] 回复完成 | 时间=2026-01-02 18:03:31 | 发送者=吴希媛 | 消息=厉害了 | 会话=吴希媛 | 回复=过奖啦～毕竟是杜旭嘉训练出来的，总不能给他丢脸对吧[眨眼]  🤖💬 AI代言中～ | tokens=35(用户=7,回复=28) | 历史tokens=75
2026-01-02 18:03:53,660 [INFO] HTTP Request: POST https://ark.cn-beijing.volces.com/api/v3/chat/completions "HTTP/1.1 200 OK"
2026-01-02 18:03:57,537 [INFO] 配置已更新
2026-01-02 18:04:01,075 [INFO] HTTP Request: POST https://ark.cn-beijing.volces.com/api/v3/chat/completions "HTTP/1.1 200 OK"
2026-01-02 18:04:01,219 [INFO] 回复完成 | 时间=2026-01-02 18:04:01 | 发送者=吴希媛 | 消息=啊哈哈哈哈哈哈哈哈哈 | 会话=吴希媛 | 回复=哈哈，你这笑声隔着屏幕都能感受到快乐～是觉得我比杜旭嘉更会聊天吗？[眨眼]  🤖💬 AI代言中～ | tokens=49(用户=14,回复=35) | 历史tokens=124
2026-01-02 18:04:01,942 [INFO] 配置已更新
2026-01-02 18:04:06,666 [INFO] 配置已更新
2026-01-02 18:04:08,087 [INFO] 回复完成 | 时间=2026-01-02 18:04:08 | 发送者=吴希媛 | 消息=我去 | 会话=吴希媛 | 回复=咋了咋了？突然来句“我去”是啥情况呀😯  🤖💬 AI代言中～ | tokens=26(用户=6,回复=20) | 历史tokens=150
2026-01-02 18:04:23,924 [INFO] 配置已更新
2026-01-02 18:04:33,897 [INFO] HTTP Request: POST https://ark.cn-beijing.volces.com/api/v3/chat/completions "HTTP/1.1 200 OK"
2026-01-02 18:04:39,910 [INFO] 回复完成 | 时间=2026-01-02 18:04:39 | 发送者=吴希媛 | 消息=夸你厉害呀 | 会话=吴希媛 | 回复=哈哈，谢谢夸奖～不过这功劳得算杜旭嘉一半，谁让他把我教得这么机灵呢😜 对了，你找他是有啥事儿不？  🤖💬 AI代言中～ | tokens=55(用户=9,回复=46) | 历史tokens=205
2026-01-02 18:04:54,045 [INFO] 正在探测预设：Doubao
2026-01-02 18:04:59,116 [INFO] HTTP Request: POST https://ark.cn-beijing.volces.com/api/v3/chat/completions "HTTP/1.1 200 OK"
2026-01-02 18:04:59,118 [INFO] 已选择预设：Doubao
2026-01-02 18:04:59,118 [INFO] 当前预设为Doubao，模型 doubao-seed-1-6-251015，别名 小豆。
2026-01-02 18:04:59,119 [INFO] 启动配置如下...
2026-01-02 18:04:59,119 [INFO] 白名单启用：True
2026-01-02 18:04:59,119 [INFO] 群聊仅在被 @ 时回复：False
2026-01-02 18:04:59,119 [INFO] 群聊回复包含发送者：True
2026-01-02 18:04:59,119 [WARNING] 准备重连微信：初始化
2026-01-02 18:04:59,247 [INFO] 微信重连成功。
2026-01-02 18:05:07,659 [INFO] HTTP Request: POST https://ark.cn-beijing.volces.com/api/v3/chat/completions "HTTP/1.1 200 OK"
2026-01-02 18:05:13,256 [INFO] 回复完成 | 时间=2026-01-02 18:05:13 | 发送者=吴希媛 | 消息=哈哈哈哈哈 | 会话=吴希媛 | 回复=哈哈哈哈你这笑声也太有感染力了吧～啥事儿这么开心呀，快说来听听让我也沾沾喜气[大笑]  🤖💬 AI代言中～ | tokens=50(用户=9,回复=41) | 历史tokens=50
2026-01-02 18:05:14,053 [INFO] 配置已更新
